<?xml version="1.0" encoding="UTF-8"?>
<testsuite name="runners.Ping" tests="0" skipped="0" failures="0" errors="0" timestamp="1970-01-01T00:00:00" hostname="MacBook-Pro-de-MacBook.local" time="0.0">
  <properties/>
  <system-out><![CDATA[]]></system-out>
  <system-err><![CDATA[[Test worker] INFO io.cucumber.core.plugin.SerenityReporter - Running feature from file:///Users/luiscarlosmarca/Documents/personales/Desafio%20Tecnico%20Yape/DesafioYape/auto-api-testing-booker/src/test/resources/features/HealthCheck.feature
[Test worker] INFO  - Test Suite Started: Verificador de la salud de los servicios
[Test worker] INFO io.cucumber.core.plugin.SerenityReporter - Running feature from file:///Users/luiscarlosmarca/Documents/personales/Desafio%20Tecnico%20Yape/DesafioYape/auto-api-testing-booker/src/test/resources/features/HealthCheck.feature
[Test worker] INFO  - Test Suite Started: Verificador de la salud de los servicios
]]></system-err>
</testsuite>
