<?xml version="1.0" encoding="UTF-8"?>
<testsuite name="Servicio web de Gestion de reservas" tests="4" skipped="0" failures="3" errors="0" timestamp="2023-02-01T01:40:14" hostname="MacBook-Pro-de-MacBook.local" time="0.879">
  <properties/>
  <testcase name="Creacion, modificacion, busqueda y eliminacion de la misma reserva" classname="Servicio web de Gestion de reservas" time="0.687">
    <failure message="io.cucumber.junit.UndefinedStepException: The step 'que el usuario admin crea una reserva para un cliente llega el &quot;2023-02-02&quot; y se va el &quot;2023-02-12&quot; con un &quot;BreakFast&quot;' and 1 other step(s) are undefined.&#10;You can implement these steps using the snippet(s) below:&#10;&#10;@Given(&quot;que el usuario admin crea una reserva para un cliente llega el {string} y se va el {string} con un {string}&quot;)&#10;public void queElUsuarioAdminCreaUnaReservaParaUnClienteLlegaElYSeVaElConUn(String string, String string2, String string3) {&#10;    // Write code here that turns the phrase above into concrete actions&#10;    throw new io.cucumber.java.PendingException();&#10;}&#10;@When(&quot;el usuario admin corrige el \&quot;Marin del cliente&quot;)&#10;public void elUsuarioAdminCorrigeElMarinDelCliente() {&#10;    // Write code here that turns the phrase above into concrete actions&#10;    throw new io.cucumber.java.PendingException();&#10;}&#10;" type="io.cucumber.junit.UndefinedStepException">io.cucumber.junit.UndefinedStepException: The step 'que el usuario admin crea una reserva para un cliente llega el &quot;2023-02-02&quot; y se va el &quot;2023-02-12&quot; con un &quot;BreakFast&quot;' and 1 other step(s) are undefined.
You can implement these steps using the snippet(s) below:

@Given(&quot;que el usuario admin crea una reserva para un cliente llega el {string} y se va el {string} con un {string}&quot;)
public void queElUsuarioAdminCreaUnaReservaParaUnClienteLlegaElYSeVaElConUn(String string, String string2, String string3) {
    // Write code here that turns the phrase above into concrete actions
    throw new io.cucumber.java.PendingException();
}
@When(&quot;el usuario admin corrige el \&quot;Marin del cliente&quot;)
public void elUsuarioAdminCorrigeElMarinDelCliente() {
    // Write code here that turns the phrase above into concrete actions
    throw new io.cucumber.java.PendingException();
}

</failure>
  </testcase>
  <testcase name="Creacion y busqueda de una reserva usando el nombre del cliente" classname="Servicio web de Gestion de reservas" time="0.06">
    <failure message="io.cucumber.junit.UndefinedStepException: The step 'que el usuario admin crea una reserva para un cliente llega el &quot;2023-02-02&quot; y se va el &quot;2023-02-12&quot; con un &quot;BreakFast&quot;' is undefined.&#10;You can implement this step using the snippet(s) below:&#10;&#10;@Given(&quot;que el usuario admin crea una reserva para un cliente llega el {string} y se va el {string} con un {string}&quot;)&#10;public void queElUsuarioAdminCreaUnaReservaParaUnClienteLlegaElYSeVaElConUn(String string, String string2, String string3) {&#10;    // Write code here that turns the phrase above into concrete actions&#10;    throw new io.cucumber.java.PendingException();&#10;}&#10;" type="io.cucumber.junit.UndefinedStepException">io.cucumber.junit.UndefinedStepException: The step 'que el usuario admin crea una reserva para un cliente llega el &quot;2023-02-02&quot; y se va el &quot;2023-02-12&quot; con un &quot;BreakFast&quot;' is undefined.
You can implement this step using the snippet(s) below:

@Given(&quot;que el usuario admin crea una reserva para un cliente llega el {string} y se va el {string} con un {string}&quot;)
public void queElUsuarioAdminCreaUnaReservaParaUnClienteLlegaElYSeVaElConUn(String string, String string2, String string3) {
    // Write code here that turns the phrase above into concrete actions
    throw new io.cucumber.java.PendingException();
}

</failure>
  </testcase>
  <testcase name="Creacion, busqueda de una reserva usando la fecha de checkin" classname="Servicio web de Gestion de reservas" time="0.055">
    <failure message="io.cucumber.junit.UndefinedStepException: The step 'que el usuario admin crea una reserva para un cliente llega el &quot;2023-02-02&quot; y se va el &quot;2023-02-12&quot; con un &quot;BreakFast&quot;' is undefined.&#10;You can implement this step using the snippet(s) below:&#10;&#10;@Given(&quot;que el usuario admin crea una reserva para un cliente llega el {string} y se va el {string} con un {string}&quot;)&#10;public void queElUsuarioAdminCreaUnaReservaParaUnClienteLlegaElYSeVaElConUn(String string, String string2, String string3) {&#10;    // Write code here that turns the phrase above into concrete actions&#10;    throw new io.cucumber.java.PendingException();&#10;}&#10;" type="io.cucumber.junit.UndefinedStepException">io.cucumber.junit.UndefinedStepException: The step 'que el usuario admin crea una reserva para un cliente llega el &quot;2023-02-02&quot; y se va el &quot;2023-02-12&quot; con un &quot;BreakFast&quot;' is undefined.
You can implement this step using the snippet(s) below:

@Given(&quot;que el usuario admin crea una reserva para un cliente llega el {string} y se va el {string} con un {string}&quot;)
public void queElUsuarioAdminCreaUnaReservaParaUnClienteLlegaElYSeVaElConUn(String string, String string2, String string3) {
    // Write code here that turns the phrase above into concrete actions
    throw new io.cucumber.java.PendingException();
}

</failure>
  </testcase>
  <testcase name="Actualizacion total de reserva para cliente" classname="Servicio web de Gestion de reservas" time="0.073"/>
  <system-out><![CDATA[]]></system-out>
  <system-err><![CDATA[[Test worker] INFO io.cucumber.core.plugin.SerenityReporter - Running feature from file:///Users/luiscarlosmarca/Documents/personales/Desafio%20Tecnico%20Yape/DesafioYape/auto-api-testing-booker/src/test/resources/features/JourneyCustomer.feature
[Test worker] INFO  - 
  _____   ___   ___   _____     ___   _____     _     ___   _____   ___   ___  
 |_   _| | __| / __| |_   _|   / __| |_   _|   /_\   | _ \ |_   _| | __| |   \ 
   | |   | _|  \__ \   | |     \__ \   | |    / _ \  |   /   | |   | _|  | |) |
   |_|   |___| |___/   |_|     |___/   |_|   /_/ \_\ |_|_\   |_|   |___| |___/ 

Creacion, modificacion, busqueda y eliminacion de la misma reserva(servicio-web-de-gestion-de-reservas;creacion--modificacion--busqueda-y-eliminacion-de-la-misma-reserva)
--------------------------------------------------------------------------------
[Test worker] INFO  - 
  _____   ___   ___   _____     ___   ___   _  _   ___    ___   _  _    ___ 
 |_   _| | __| / __| |_   _|   | _ \ | __| | \| | |   \  |_ _| | \| |  / __|
   | |   | _|  \__ \   | |     |  _/ | _|  | .` | | |) |  | |  | .` | | (_ |
   |_|   |___| |___/   |_|     |_|   |___| |_|\_| |___/  |___| |_|\_|  \___|

Creacion, modificacion, busqueda y eliminacion de la misma reserva
-----------------------------------------------------------------------------
[Test worker] INFO io.cucumber.core.plugin.SerenityReporter - Running feature from file:///Users/luiscarlosmarca/Documents/personales/Desafio%20Tecnico%20Yape/DesafioYape/auto-api-testing-booker/src/test/resources/features/JourneyCustomer.feature
[Test worker] INFO  - 
  _____   ___   ___   _____     ___   _____     _     ___   _____   ___   ___  
 |_   _| | __| / __| |_   _|   / __| |_   _|   /_\   | _ \ |_   _| | __| |   \ 
   | |   | _|  \__ \   | |     \__ \   | |    / _ \  |   /   | |   | _|  | |) |
   |_|   |___| |___/   |_|     |___/   |_|   /_/ \_\ |_|_\   |_|   |___| |___/ 

Creacion y busqueda de una reserva usando el nombre del cliente(servicio-web-de-gestion-de-reservas;creacion-y-busqueda-de-una-reserva-usando-el-nombre-del-cliente)
--------------------------------------------------------------------------------
[Test worker] INFO  - 
  _____   ___   ___   _____     ___   ___   _  _   ___    ___   _  _    ___ 
 |_   _| | __| / __| |_   _|   | _ \ | __| | \| | |   \  |_ _| | \| |  / __|
   | |   | _|  \__ \   | |     |  _/ | _|  | .` | | |) |  | |  | .` | | (_ |
   |_|   |___| |___/   |_|     |_|   |___| |_|\_| |___/  |___| |_|\_|  \___|

Creacion y busqueda de una reserva usando el nombre del cliente
-----------------------------------------------------------------------------
[Test worker] INFO io.cucumber.core.plugin.SerenityReporter - Running feature from file:///Users/luiscarlosmarca/Documents/personales/Desafio%20Tecnico%20Yape/DesafioYape/auto-api-testing-booker/src/test/resources/features/JourneyCustomer.feature
[Test worker] INFO  - 
  _____   ___   ___   _____     ___   _____     _     ___   _____   ___   ___  
 |_   _| | __| / __| |_   _|   / __| |_   _|   /_\   | _ \ |_   _| | __| |   \ 
   | |   | _|  \__ \   | |     \__ \   | |    / _ \  |   /   | |   | _|  | |) |
   |_|   |___| |___/   |_|     |___/   |_|   /_/ \_\ |_|_\   |_|   |___| |___/ 

Creacion, busqueda de una reserva usando la fecha de checkin(servicio-web-de-gestion-de-reservas;creacion--busqueda-de-una-reserva-usando-la-fecha-de-checkin)
--------------------------------------------------------------------------------
[Test worker] INFO  - 
  _____   ___   ___   _____     ___   ___   _  _   ___    ___   _  _    ___ 
 |_   _| | __| / __| |_   _|   | _ \ | __| | \| | |   \  |_ _| | \| |  / __|
   | |   | _|  \__ \   | |     |  _/ | _|  | .` | | |) |  | |  | .` | | (_ |
   |_|   |___| |___/   |_|     |_|   |___| |_|\_| |___/  |___| |_|\_|  \___|

Creacion, busqueda de una reserva usando la fecha de checkin
-----------------------------------------------------------------------------
[Test worker] INFO io.cucumber.core.plugin.SerenityReporter - Running feature from file:///Users/luiscarlosmarca/Documents/personales/Desafio%20Tecnico%20Yape/DesafioYape/auto-api-testing-booker/src/test/resources/features/JourneyCustomer.feature
[Test worker] INFO  - 
  _____   ___   ___   _____     ___   _____     _     ___   _____   ___   ___  
 |_   _| | __| / __| |_   _|   / __| |_   _|   /_\   | _ \ |_   _| | __| |   \ 
   | |   | _|  \__ \   | |     \__ \   | |    / _ \  |   /   | |   | _|  | |) |
   |_|   |___| |___/   |_|     |___/   |_|   /_/ \_\ |_|_\   |_|   |___| |___/ 

Actualizacion total de reserva para cliente(servicio-web-de-gestion-de-reservas;actualizacion-total-de-reserva-para-cliente)
--------------------------------------------------------------------------------
[Test worker] INFO  - 
  _____   ___   ___   _____     ___     _     ___   ___   ___   ___  
 |_   _| | __| / __| |_   _|   | _ \   /_\   / __| / __| | __| |   \ 
   | |   | _|  \__ \   | |     |  _/  / _ \  \__ \ \__ \ | _|  | |) |
   |_|   |___| |___/   |_|     |_|   /_/ \_\ |___/ |___/ |___| |___/ 

Actualizacion total de reserva para cliente
----------------------------------------------------------------------
]]></system-err>
</testsuite>
